<?xml version="1.0" encoding="UTF-8"?>
<!-- Generated by org.testng.reporters.JUnitReportReporter -->
<testsuite hostname="LAPTOP-O8GG5075" failures="0" tests="3" name="com.fb.qa.testcases.LoginPageTest" time="22.619" errors="0" timestamp="2022-08-18T16:41:25 IST" skipped="0">
  <testcase classname="com.fb.qa.testcases.LoginPageTest" name="LoginPageTitle" time="6.072"/>
  <system-out/>
  <testcase classname="com.fb.qa.testcases.LoginPageTest" name="fbLogoImageTest" time="7.604"/>
  <system-out/>
  <testcase classname="com.fb.qa.testcases.LoginPageTest" name="loginTest" time="8.943"/>
  <system-out/>
</testsuite> <!-- com.fb.qa.testcases.LoginPageTest -->
