<?xml version="1.0" encoding="UTF-8"?>
<!-- Generated by org.testng.reporters.JUnitReportReporter -->
<testsuite hostname="LAPTOP-O8GG5075" failures="0" tests="3" name="com.fb.qa.testcases.LoginPageTest" time="26.239" errors="0" timestamp="2022-08-19T22:06:13 IST" skipped="0">
  <testcase classname="com.fb.qa.testcases.LoginPageTest" name="LoginPageTitle" time="9.127"/>
  <system-out/>
  <testcase classname="com.fb.qa.testcases.LoginPageTest" name="fbLogoImageTest" time="11.016"/>
  <system-out/>
  <testcase classname="com.fb.qa.testcases.LoginPageTest" name="loginTest" time="6.096"/>
  <system-out/>
</testsuite> <!-- com.fb.qa.testcases.LoginPageTest -->
