<?xml version="1.0" encoding="UTF-8"?>
<!-- Generated by org.testng.reporters.JUnitReportReporter -->
<testsuite hostname="LAPTOP-O8GG5075" failures="0" tests="1" name="com.fb.qa.testcases.LoginPageTest" time="9.897" errors="0" timestamp="2022-08-18T01:13:52 IST" skipped="0">
  <testcase classname="com.fb.qa.testcases.LoginPageTest" name="loginTest" time="9.897"/>
  <system-out/>
</testsuite> <!-- com.fb.qa.testcases.LoginPageTest -->
