<?xml version="1.0" encoding="UTF-8"?>
<!-- Generated by org.testng.reporters.JUnitReportReporter -->
<testsuite hostname="LAPTOP-O8GG5075" failures="0" tests="2" name="com.fb.qa.testcases.SignUpPageTest" time="20.183" errors="0" timestamp="2022-08-18T16:41:25 IST" skipped="0">
  <testcase classname="com.fb.qa.testcases.SignUpPageTest" name="SignUpPageTitle" time="10.977"/>
  <system-out/>
  <testcase classname="com.fb.qa.testcases.SignUpPageTest" name="createnewAccountTest" time="9.206"/>
  <system-out/>
</testsuite> <!-- com.fb.qa.testcases.SignUpPageTest -->
