<?xml version="1.0" encoding="UTF-8"?>
<!-- Generated by org.testng.reporters.JUnitReportReporter -->
<testsuite hostname="LAPTOP-O8GG5075" failures="0" tests="2" name="com.fb.qa.testcases.ProfilePageTest" time="60.719" errors="0" timestamp="2022-08-18T16:41:25 IST" skipped="0">
  <testcase classname="com.fb.qa.testcases.ProfilePageTest" name="verifyHomePageTitleTest" time="24.504"/>
  <system-out/>
  <testcase classname="com.fb.qa.testcases.ProfilePageTest" name="verifyProfilePageTest" time="36.215"/>
  <system-out/>
</testsuite> <!-- com.fb.qa.testcases.ProfilePageTest -->
