<?xml version="1.0" encoding="UTF-8"?>
<!-- Generated by org.testng.reporters.JUnitReportReporter -->
<testsuite hostname="LAPTOP-O8GG5075" failures="0" tests="2" name="com.fb.qa.testcases.SignUpPageTest" time="20.692" errors="0" timestamp="2022-08-18T00:59:06 IST" skipped="0">
  <testcase classname="com.fb.qa.testcases.SignUpPageTest" name="SignUpPageTitle" time="9.598"/>
  <system-out/>
  <testcase classname="com.fb.qa.testcases.SignUpPageTest" name="createnewAccountTest" time="11.094"/>
  <system-out/>
</testsuite> <!-- com.fb.qa.testcases.SignUpPageTest -->
